  main.cpp
d:\users\jakub głatki\github\sfml_learning\sfml\sfml\sfml_start\sfml_start\main.cpp(69): warning C4018: '<': signed/unsigned mismatch
d:\users\jakub głatki\github\sfml_learning\sfml\sfml\sfml_start\sfml_start\main.cpp(70): warning C4018: '<': signed/unsigned mismatch
d:\program files (x86)\microsoft visual studio\2017\community\vc\tools\msvc\14.16.27023\include\xmemory0(881): warning C4244: 'argument': conversion from 'unsigned int' to 'float', possible loss of data
  d:\program files (x86)\microsoft visual studio\2017\community\vc\tools\msvc\14.16.27023\include\vector(900): note: see reference to function template instantiation 'void std::_Default_allocator_traits<_Alloc>::construct<_Ty,unsigned int,unsigned int,unsigned int&,unsigned int&>(_Alloc &,_Objty *const ,unsigned int &&,unsigned int &&,unsigned int &,unsigned int &)' being compiled
          with
          [
              _Alloc=std::allocator<Block>,
              _Ty=Block,
              _Objty=Block
          ]
  d:\program files (x86)\microsoft visual studio\2017\community\vc\tools\msvc\14.16.27023\include\vector(902): note: see reference to function template instantiation 'void std::_Default_allocator_traits<_Alloc>::construct<_Ty,unsigned int,unsigned int,unsigned int&,unsigned int&>(_Alloc &,_Objty *const ,unsigned int &&,unsigned int &&,unsigned int &,unsigned int &)' being compiled
          with
          [
              _Alloc=std::allocator<Block>,
              _Ty=Block,
              _Objty=Block
          ]
  d:\program files (x86)\microsoft visual studio\2017\community\vc\tools\msvc\14.16.27023\include\vector(916): note: see reference to function template instantiation 'void std::vector<Block,std::allocator<_Ty>>::_Emplace_back_with_unused_capacity<unsigned int,unsigned int,unsigned int&,unsigned int&>(unsigned int &&,unsigned int &&,unsigned int &,unsigned int &)' being compiled
          with
          [
              _Ty=Block
          ]
  d:\users\jakub głatki\github\sfml_learning\sfml\sfml\sfml_start\sfml_start\main.cpp(71): note: see reference to function template instantiation 'void std::vector<Block,std::allocator<_Ty>>::emplace_back<unsigned int,unsigned int,unsigned int&,unsigned int&>(unsigned int &&,unsigned int &&,unsigned int &,unsigned int &)' being compiled
          with
          [
              _Ty=Block
          ]
d:\program files (x86)\microsoft visual studio\2017\community\vc\tools\msvc\14.16.27023\include\xmemory0(881): warning C4244: 'argument': conversion from '_Ty' to 'float', possible loss of data
          with
          [
              _Ty=unsigned int
          ]
d:\users\jakub głatki\github\sfml_learning\sfml\sfml\sfml_start\sfml_start\main.cpp(27): warning C4715: 'collisionTest': not all control paths return a value
d:\users\jakub głatki\github\sfml_learning\sfml\sfml\sfml_start\sfml_start\main.cpp(54): warning C4715: 'collisionTest': not all control paths return a value
  SFML_start.vcxproj -> D:\Users\Jakub Głatki\GitHub\SFML_learning\SFML\SFML\SFML_start\Debug\SFML_start.exe
